<?xml version="1.0" encoding="UTF-8"?>
<!-- Generated by org.testng.reporters.JUnitReportReporter -->
<testsuite hostname="Devansh" failures="0" tests="1" name="org.Ecommerce.flipkartLogin" time="8.941" errors="0" timestamp="2023-07-20T00:31:05 IST" skipped="0">
  <testcase classname="org.Ecommerce.flipkartLogin" name="LoginPage" time="8.941"/>
</testsuite> <!-- org.Ecommerce.flipkartLogin -->
